[0m16:27:33.123751 [debug] [MainThread]: Sending event: {'category': 'dbt', 'action': 'invocation', 'label': 'start', 'context': [<snowplow_tracker.self_describing_json.SelfDescribingJson object at 0x000002BB28AC0890>, <snowplow_tracker.self_describing_json.SelfDescribingJson object at 0x000002BB28AC0B90>, <snowplow_tracker.self_describing_json.SelfDescribingJson object at 0x000002BB28AC00D0>]}


[0m16:44:29.416248 [debug] [MainThread]: Sending event: {'category': 'dbt', 'action': 'invocation', 'label': 'start', 'context': [<snowplow_tracker.self_describing_json.SelfDescribingJson object at 0x000001DC9CA109D0>, <snowplow_tracker.self_describing_json.SelfDescribingJson object at 0x000001DC9CA10A90>, <snowplow_tracker.self_describing_json.SelfDescribingJson object at 0x000001DC9CA10510>]}


============================== 16:44:29.422235 | ecca8733-da29-479a-9f75-8b1ab04126d2 ==============================
[0m16:44:29.422235 [info ] [MainThread]: Running with dbt=1.5.2
[0m16:44:29.424232 [debug] [MainThread]: running dbt with arguments {'printer_width': '80', 'indirect_selection': 'eager', 'log_cache_events': 'False', 'write_json': 'True', 'partial_parse': 'True', 'cache_selected_only': 'False', 'warn_error': 'None', 'fail_fast': 'False', 'version_check': 'True', 'log_path': 'logs', 'profiles_dir': 'C:\\Users\\YogeshRajgure\\.dbt', 'debug': 'False', 'use_colors': 'True', 'use_experimental_parser': 'False', 'no_print': 'None', 'quiet': 'False', 'log_format': 'default', 'introspect': 'True', 'static_parser': 'True', 'warn_error_options': 'WarnErrorOptions(include=[], exclude=[])', 'target_path': 'None', 'send_anonymous_usage_stats': 'True'}
[0m16:44:29.429233 [debug] [MainThread]: Starter project path: D:\Learnings\Udemy\DBT_z_t_h\env\Lib\site-packages\dbt\include\starter_project
[0m16:47:28.740895 [info ] [MainThread]: Profile dbtlearn written to C:\Users\YogeshRajgure\.dbt\profiles.yml using target's profile_template.yml and your supplied values. Run 'dbt debug' to validate the connection.
[0m16:47:28.745567 [info ] [MainThread]: 
Your new dbt project "dbtlearn" was created!

For more information on how to configure the profiles.yml file,
please consult the dbt documentation here:

  https://docs.getdbt.com/docs/configure-your-profile

One more thing:

Need help? Don't hesitate to reach out to us via GitHub issues or on Slack:

  https://community.getdbt.com/

Happy modeling!

[0m16:47:28.754152 [debug] [MainThread]: Command `dbt init` succeeded at 16:47:28.754152 after 179.38 seconds
[0m16:47:28.755660 [debug] [MainThread]: Sending event: {'category': 'dbt', 'action': 'invocation', 'label': 'end', 'context': [<snowplow_tracker.self_describing_json.SelfDescribingJson object at 0x000001DC9CA16ED0>, <snowplow_tracker.self_describing_json.SelfDescribingJson object at 0x000001DC9695D090>, <snowplow_tracker.self_describing_json.SelfDescribingJson object at 0x000001DC9695FB50>]}
[0m16:47:28.756671 [debug] [MainThread]: Flushing usage events
[0m15:27:29.657687 [debug] [MainThread]: Sending event: {'category': 'dbt', 'action': 'invocation', 'label': 'start', 'context': [<snowplow_tracker.self_describing_json.SelfDescribingJson object at 0x000001F2AB30A5D0>, <snowplow_tracker.self_describing_json.SelfDescribingJson object at 0x000001F2AB30B090>, <snowplow_tracker.self_describing_json.SelfDescribingJson object at 0x000001F2AB302010>]}


============================== 15:27:29.657687 | 7f2b5522-b86d-4d80-9b43-374a0e6a89e5 ==============================
[0m15:27:29.657687 [info ] [MainThread]: Running with dbt=1.5.2
[0m15:27:29.657687 [debug] [MainThread]: running dbt with arguments {'printer_width': '80', 'indirect_selection': 'eager', 'log_cache_events': 'False', 'write_json': 'True', 'partial_parse': 'True', 'cache_selected_only': 'False', 'warn_error': 'None', 'fail_fast': 'False', 'profiles_dir': 'C:\\Users\\YogeshRajgure\\.dbt', 'log_path': 'logs', 'version_check': 'True', 'debug': 'False', 'use_colors': 'True', 'use_experimental_parser': 'False', 'no_print': 'None', 'quiet': 'False', 'log_format': 'default', 'static_parser': 'True', 'warn_error_options': 'WarnErrorOptions(include=[], exclude=[])', 'introspect': 'True', 'target_path': 'None', 'send_anonymous_usage_stats': 'True'}
[0m15:27:29.670666 [error] [MainThread]: Encountered an error:
Runtime Error
  No dbt_project.yml found at expected path D:\Learnings\Udemy\DBT_z_t_h\dbt_project.yml
  Verify that each entry within packages.yml (and their transitive dependencies) contains a file named dbt_project.yml
  
[0m15:27:29.670666 [debug] [MainThread]: Command `dbt run` failed at 15:27:29.670666 after 0.07 seconds
[0m15:27:29.670666 [debug] [MainThread]: Sending event: {'category': 'dbt', 'action': 'invocation', 'label': 'end', 'context': [<snowplow_tracker.self_describing_json.SelfDescribingJson object at 0x000001F2AAF449D0>, <snowplow_tracker.self_describing_json.SelfDescribingJson object at 0x000001F2AB3013D0>, <snowplow_tracker.self_describing_json.SelfDescribingJson object at 0x000001F2AB30AB10>]}
[0m15:27:29.670666 [debug] [MainThread]: Flushing usage events
[0m16:43:04.231819 [debug] [MainThread]: Sending event: {'category': 'dbt', 'action': 'invocation', 'label': 'start', 'context': [<snowplow_tracker.self_describing_json.SelfDescribingJson object at 0x00000125A81972D0>, <snowplow_tracker.self_describing_json.SelfDescribingJson object at 0x00000125A82DA2D0>, <snowplow_tracker.self_describing_json.SelfDescribingJson object at 0x00000125A82DB7D0>]}


============================== 16:43:04.246841 | 45c58fbd-e657-4673-b65b-89747026c09c ==============================
[0m16:43:04.246841 [info ] [MainThread]: Running with dbt=1.5.2
[0m16:43:04.248834 [debug] [MainThread]: running dbt with arguments {'printer_width': '80', 'indirect_selection': 'eager', 'log_cache_events': 'False', 'write_json': 'True', 'partial_parse': 'True', 'cache_selected_only': 'False', 'profiles_dir': 'C:\\Users\\YogeshRajgure\\.dbt', 'version_check': 'True', 'warn_error': 'None', 'log_path': 'logs', 'debug': 'False', 'fail_fast': 'False', 'use_colors': 'True', 'use_experimental_parser': 'False', 'no_print': 'None', 'quiet': 'False', 'log_format': 'default', 'static_parser': 'True', 'warn_error_options': 'WarnErrorOptions(include=[], exclude=[])', 'introspect': 'True', 'target_path': 'None', 'send_anonymous_usage_stats': 'True'}
[0m16:43:04.249833 [error] [MainThread]: Encountered an error:
Runtime Error
  No dbt_project.yml found at expected path D:\Learnings\Udemy\DBT_z_t_h\dbt_project.yml
  Verify that each entry within packages.yml (and their transitive dependencies) contains a file named dbt_project.yml
  
[0m16:43:04.250834 [debug] [MainThread]: Command `dbt run` failed at 16:43:04.250834 after 0.08 seconds
[0m16:43:04.251838 [debug] [MainThread]: Sending event: {'category': 'dbt', 'action': 'invocation', 'label': 'end', 'context': [<snowplow_tracker.self_describing_json.SelfDescribingJson object at 0x00000125A8197410>, <snowplow_tracker.self_describing_json.SelfDescribingJson object at 0x00000125A82D1390>, <snowplow_tracker.self_describing_json.SelfDescribingJson object at 0x00000125A82DB8D0>]}
[0m16:43:04.251838 [debug] [MainThread]: Flushing usage events
